- Wampserver trace report -
File created by Wampserver install
InnoDB: using atomic writes.
2020-05-03 18:02:33 0 [Note] InnoDB: Mutexes and rw_locks use Windows interlocked functions
2020-05-03 18:02:33 0 [Note] InnoDB: Uses event mutexes
2020-05-03 18:02:33 0 [Note] InnoDB: Compressed tables use zlib 1.2.11
2020-05-03 18:02:33 0 [Note] InnoDB: Number of pools: 1
2020-05-03 18:02:33 0 [Note] InnoDB: Using SSE2 crc32 instructions
2020-05-03 18:02:33 0 [Note] InnoDB: Initializing buffer pool, total size = 256M, instances = 1, chunk size = 128M
2020-05-03 18:02:33 0 [Note] InnoDB: Completed initialization of buffer pool
2020-05-03 18:02:33 0 [Note] InnoDB: Resizing redo log from 2*50331648 to 2*67108864 bytes; LSN=139836
2020-05-03 18:02:33 0 [Note] InnoDB: Starting to delete and rewrite log files.
2020-05-03 18:02:33 0 [Note] InnoDB: Setting log file .\ib_logfile101 size to 67108864 bytes
2020-05-03 18:02:33 0 [Note] InnoDB: Setting log file .\ib_logfile1 size to 67108864 bytes
2020-05-03 18:02:33 0 [Note] InnoDB: Renaming log file .\ib_logfile101 to .\ib_logfile0
2020-05-03 18:02:33 0 [Note] InnoDB: New log files created, LSN=139836
2020-05-03 18:02:33 0 [Note] InnoDB: 128 out of 128 rollback segments are active.
2020-05-03 18:02:33 0 [Note] InnoDB: Creating shared tablespace for temporary tables
2020-05-03 18:02:33 0 [Note] InnoDB: Setting file '.\ibtmp1' size to 12 MB. Physically writing the file full; Please wait ...
2020-05-03 18:02:33 0 [Note] InnoDB: File '.\ibtmp1' size is now 12 MB.
2020-05-03 18:02:33 0 [Note] InnoDB: Waiting for purge to start
2020-05-03 18:02:33 0 [Note] InnoDB: 10.4.10 started; log sequence number 139836; transaction id 21
2020-05-03 18:02:33 0 [Note] InnoDB: Loading buffer pool(s) from H:\GitHub\StourheadB_B\bin\mariadb\mariadb10.4.10\data\ib_buffer_pool
2020-05-03 18:02:33 0 [Note] Plugin 'FEEDBACK' is disabled.
2020-05-03 18:02:33 0 [Note] InnoDB: Buffer pool(s) load completed at 200503 18:02:33
2020-05-03 18:02:33 0 [Note] Server socket created on IP: '::'.
2020-05-03 18:02:33 0 [Note] Reading of all Master_info entries succeeded
2020-05-03 18:02:33 0 [Note] Added new Master_info '' to hash table
2020-05-03 18:02:33 0 [Note] wampmariadb64: ready for connections.
Version: '10.4.10-MariaDB'  socket: ''  port: 3306  mariadb.org binary distribution
